{
  "C:\\Users\\lenovo\\OneDrive\\Desktop\\incubyte\\CarNest\\backend\\src\\app.ts": {
    "path": "C:\\Users\\lenovo\\OneDrive\\Desktop\\incubyte\\CarNest\\backend\\src\\app.ts",
    "statementMap": {
      "0": { "start": { "line": 1, "column": 0 }, "end": { "line": 1, "column": 30 } },
      "1": { "start": { "line": 2, "column": 0 }, "end": { "line": 2, "column": 33 } },
      "2": { "start": { "line": 3, "column": 0 }, "end": { "line": 3, "column": 24 } },
      "3": { "start": { "line": 4, "column": 0 }, "end": { "line": 4, "column": 46 } },
      "4": { "start": { "line": 5, "column": 0 }, "end": { "line": 5, "column": 52 } },
      "5": { "start": { "line": 8, "column": 0 }, "end": { "line": 8, "column": 16 } },
      "6": { "start": { "line": 10, "column": 12 }, "end": { "line": 10, "column": 21 } },
      "7": { "start": { "line": 13, "column": 0 }, "end": { "line": 13, "column": 16 } },
      "8": { "start": { "line": 14, "column": 0 }, "end": { "line": 14, "column": 24 } },
      "9": { "start": { "line": 17, "column": 0 }, "end": { "line": 17, "column": 33 } },
      "10": { "start": { "line": 18, "column": 0 }, "end": { "line": 18, "column": 40 } },
      "11": { "start": { "line": 21, "column": 0 }, "end": { "line": 27, "column": 3 } },
      "12": { "start": { "line": 22, "column": 2 }, "end": { "line": 26, "column": 5 } },
      "13": { "start": { "line": 29, "column": 0 }, "end": { "line": 29, "column": 19 } }
    },
    "fnMap": {
      "0": {
        "name": "(anonymous_7)",
        "decl": { "start": { "line": 21, "column": 19 }, "end": { "line": 21, "column": 20 } },
        "loc": { "start": { "line": 21, "column": 32 }, "end": { "line": 27, "column": 1 } }
      }
    },
    "branchMap": {},
    "s": {
      "0": 1,
      "1": 1,
      "2": 1,
      "3": 1,
      "4": 1,
      "5": 1,
      "6": 1,
      "7": 1,
      "8": 1,
      "9": 1,
      "10": 1,
      "11": 1,
      "12": 1,
      "13": 1
    },
    "f": { "0": 1 },
    "b": {}
  },
  "C:\\Users\\lenovo\\OneDrive\\Desktop\\incubyte\\CarNest\\backend\\src\\models\\user.model.ts": {
    "path": "C:\\Users\\lenovo\\OneDrive\\Desktop\\incubyte\\CarNest\\backend\\src\\models\\user.model.ts",
    "statementMap": {
      "0": { "start": { "line": 1, "column": 0 }, "end": { "line": 1, "column": 24 } },
      "1": { "start": { "line": 2, "column": 0 }, "end": { "line": 2, "column": 28 } },
      "2": { "start": { "line": 5, "column": 19 }, "end": { "line": 20, "column": 2 } },
      "3": { "start": { "line": 18, "column": 36 }, "end": { "line": 18, "column": 46 } },
      "4": { "start": { "line": 19, "column": 36 }, "end": { "line": 19, "column": 46 } },
      "5": { "start": { "line": 31, "column": 4 }, "end": { "line": 31, "column": 34 } },
      "6": { "start": { "line": 38, "column": 38 }, "end": { "line": 38, "column": 42 } },
      "7": { "start": { "line": 39, "column": 4 }, "end": { "line": 39, "column": 20 } },
      "8": { "start": { "line": 46, "column": 23 }, "end": { "line": 46, "column": 25 } },
      "9": { "start": { "line": 47, "column": 4 }, "end": { "line": 47, "column": 45 } },
      "10": { "start": { "line": 54, "column": 4 }, "end": { "line": 54, "column": 41 } },
      "11": { "start": { "line": 24, "column": 0 }, "end": { "line": 24, "column": 13 } }
    },
    "fnMap": {
      "0": {
        "name": "(anonymous_1)",
        "decl": { "start": { "line": 18, "column": 30 }, "end": { "line": 18, "column": 33 } },
        "loc": { "start": { "line": 18, "column": 36 }, "end": { "line": 18, "column": 46 } }
      },
      "1": {
        "name": "(anonymous_2)",
        "decl": { "start": { "line": 19, "column": 30 }, "end": { "line": 19, "column": 33 } },
        "loc": { "start": { "line": 19, "column": 36 }, "end": { "line": 19, "column": 46 } }
      },
      "2": {
        "name": "(anonymous_3)",
        "decl": { "start": { "line": 29, "column": 2 }, "end": { "line": 29, "column": 8 } },
        "loc": { "start": { "line": 29, "column": 24 }, "end": { "line": 32, "column": 3 } }
      },
      "3": {
        "name": "(anonymous_4)",
        "decl": { "start": { "line": 37, "column": 2 }, "end": { "line": 37, "column": 8 } },
        "loc": { "start": { "line": 37, "column": 30 }, "end": { "line": 40, "column": 3 } }
      },
      "4": {
        "name": "(anonymous_5)",
        "decl": { "start": { "line": 45, "column": 2 }, "end": { "line": 45, "column": 8 } },
        "loc": { "start": { "line": 45, "column": 44 }, "end": { "line": 48, "column": 3 } }
      },
      "5": {
        "name": "(anonymous_6)",
        "decl": { "start": { "line": 53, "column": 2 }, "end": { "line": 53, "column": 8 } },
        "loc": { "start": { "line": 53, "column": 60 }, "end": { "line": 55, "column": 3 } }
      }
    },
    "branchMap": {},
    "s": {
      "0": 2,
      "1": 2,
      "2": 2,
      "3": 6,
      "4": 6,
      "5": 6,
      "6": 1,
      "7": 1,
      "8": 3,
      "9": 3,
      "10": 2,
      "11": 2
    },
    "f": { "0": 6, "1": 6, "2": 6, "3": 1, "4": 3, "5": 2 },
    "b": {}
  },
  "C:\\Users\\lenovo\\OneDrive\\Desktop\\incubyte\\CarNest\\backend\\src\\models\\vehicle.model.ts": {
    "path": "C:\\Users\\lenovo\\OneDrive\\Desktop\\incubyte\\CarNest\\backend\\src\\models\\vehicle.model.ts",
    "statementMap": {
      "0": { "start": { "line": 1, "column": 0 }, "end": { "line": 1, "column": 24 } },
      "1": { "start": { "line": 3, "column": 22 }, "end": { "line": 31, "column": 2 } },
      "2": { "start": { "line": 29, "column": 36 }, "end": { "line": 29, "column": 46 } },
      "3": { "start": { "line": 30, "column": 36 }, "end": { "line": 30, "column": 46 } },
      "4": { "start": { "line": 36, "column": 28 }, "end": { "line": 36, "column": 51 } },
      "5": { "start": { "line": 43, "column": 28 }, "end": { "line": 49, "column": 4 } },
      "6": { "start": { "line": 55, "column": 4 }, "end": { "line": 55, "column": 37 } },
      "7": { "start": { "line": 62, "column": 4 }, "end": { "line": 62, "column": 43 } },
      "8": { "start": { "line": 38, "column": 0 }, "end": { "line": 38, "column": 13 } }
    },
    "fnMap": {
      "0": {
        "name": "(anonymous_0)",
        "decl": { "start": { "line": 29, "column": 30 }, "end": { "line": 29, "column": 33 } },
        "loc": { "start": { "line": 29, "column": 36 }, "end": { "line": 29, "column": 46 } }
      },
      "1": {
        "name": "(anonymous_1)",
        "decl": { "start": { "line": 30, "column": 30 }, "end": { "line": 30, "column": 33 } },
        "loc": { "start": { "line": 30, "column": 36 }, "end": { "line": 30, "column": 46 } }
      },
      "2": {
        "name": "(anonymous_2)",
        "decl": { "start": { "line": 54, "column": 2 }, "end": { "line": 54, "column": 8 } },
        "loc": { "start": { "line": 54, "column": 24 }, "end": { "line": 56, "column": 3 } }
      },
      "3": {
        "name": "(anonymous_3)",
        "decl": { "start": { "line": 61, "column": 2 }, "end": { "line": 61, "column": 8 } },
        "loc": { "start": { "line": 61, "column": 31 }, "end": { "line": 63, "column": 3 } }
      }
    },
    "branchMap": {},
    "s": { "0": 2, "1": 2, "2": 17, "3": 17, "4": 2, "5": 2, "6": 16, "7": 1, "8": 2 },
    "f": { "0": 17, "1": 17, "2": 16, "3": 1 },
    "b": {}
  }
}
