TN:
SF:src\app.ts
FN:21,(anonymous_7)
FNF:1
FNH:1
FNDA:1,(anonymous_7)
DA:1,1
DA:2,1
DA:3,1
DA:4,1
DA:5,1
DA:8,1
DA:10,1
DA:13,1
DA:14,1
DA:17,1
DA:18,1
DA:21,1
DA:22,1
DA:29,1
LF:14
LH:14
BRF:0
BRH:0
end_of_record
TN:
SF:src\models\user.model.ts
FN:18,(anonymous_1)
FN:19,(anonymous_2)
FN:29,(anonymous_3)
FN:37,(anonymous_4)
FN:45,(anonymous_5)
FN:53,(anonymous_6)
FNF:6
FNH:6
FNDA:6,(anonymous_1)
FNDA:6,(anonymous_2)
FNDA:6,(anonymous_3)
FNDA:1,(anonymous_4)
FNDA:3,(anonymous_5)
FNDA:2,(anonymous_6)
DA:1,2
DA:2,2
DA:5,2
DA:18,6
DA:19,6
DA:24,2
DA:31,6
DA:38,1
DA:39,1
DA:46,3
DA:47,3
DA:54,2
LF:12
LH:12
BRF:0
BRH:0
end_of_record
TN:
SF:src\models\vehicle.model.ts
FN:29,(anonymous_0)
FN:30,(anonymous_1)
FN:54,(anonymous_2)
FN:61,(anonymous_3)
FNF:4
FNH:4
FNDA:17,(anonymous_0)
FNDA:17,(anonymous_1)
FNDA:16,(anonymous_2)
FNDA:1,(anonymous_3)
DA:1,2
DA:3,2
DA:29,17
DA:30,17
DA:36,2
DA:38,2
DA:43,2
DA:55,16
DA:62,1
LF:9
LH:9
BRF:0
BRH:0
end_of_record
